Arguments: 
  /home/af/.nvm/versions/node/v8.10.0/bin/node /home/af/.nvm/versions/node/v8.10.0/bin/yarn

PATH: 
  /home/af/.nvm/versions/node/v8.10.0/bin:/usr/local/bin:/usr/bin:/bin:/usr/local/games:/usr/games:/sbin:/usr/sbin:/media/af/usr-data/dev/runtimes/apache-maven-3.3.9/bin:/media/af/usr-data/dev/runtimes/apache-maven-3.3.9/bin:/media/af/usr-data/dev/runtimes/apache-maven-3.3.9/bin:/media/af/usr-data/dev/runtimes/apache-maven-3.3.9/bin

Yarn version: 
  1.13.0

Node version: 
  8.10.0

Platform: 
  linux x64

Trace: 
  Error: https://registry.npmjs.org/chai: tunneling socket could not be established, cause=getaddrinfo ENOTFOUND tvtproxy2.tivit.corp tvtproxy2.tivit.corp:3128
      at ClientRequest.onError (/home/af/.nvm/versions/node/v8.10.0/lib/node_modules/yarn/lib/cli.js:140883:17)
      at Object.onceWrapper (events.js:315:30)
      at emitOne (events.js:116:13)
      at ClientRequest.emit (events.js:211:7)
      at TLSSocket.socketErrorListener (_http_client.js:387:9)
      at emitOne (events.js:116:13)
      at TLSSocket.emit (events.js:211:7)
      at emitErrorNT (internal/streams/destroy.js:64:8)
      at _combinedTickCallback (internal/process/next_tick.js:138:11)
      at process._tickCallback (internal/process/next_tick.js:180:9)

npm manifest: 
  {
    "name": "poc-graphql",
    "version": "1.0.0",
    "main": "index.js",
    "license": "MIT",
    "scripts": {
      "build": "tsc",
      "dev": "ts-node ./src/index.ts",
      "start": "nodemon ./dist/index.js",
      "prod": "npm run build && npm run start"
    },
    "dependencies": {
      "chai": "4.2.0",
      "mocha": "5.2.0",
      "nodemon": "^1.18.10"
    },
    "devDependencies": {
      "@types/chai": "^4.1.7",
      "@types/mocha": "^5.2.6",
      "ts-node": "8.0.2",
      "typescript": "3.3.3333"
    }
  }

yarn manifest: 
  No manifest

Lockfile: 
  No lockfile
